2024-03-18T00:00:03.251+05:30  INFO 28056 --- [user_profile] [File Watcher] rtingClassPathChangeChangedEventListener : Restarting due to 1 class path change (0 additions, 0 deletions, 1 modification)
2024-03-18T00:00:03.283+05:30  INFO 28056 --- [user_profile] [Thread-7] j.LocalContainerEntityManagerFactoryBean : Closing JPA EntityManagerFactory for persistence unit 'default'
2024-03-18T00:00:03.284+05:30  INFO 28056 --- [user_profile] [Thread-7] com.zaxxer.hikari.HikariDataSource       : HikariPool-2 - Shutdown initiated...
2024-03-18T00:00:03.292+05:30  INFO 28056 --- [user_profile] [Thread-7] com.zaxxer.hikari.HikariDataSource       : HikariPool-2 - Shutdown completed.
2024-03-18T00:00:03.407+05:30  INFO 28056 --- [user_profile] [restartedMain] c.spring.secure.UserProfileApplication   : Starting UserProfileApplication using Java 17.0.10 with PID 28056 (C:\Users\SaurabhKumarUike\OneDrive - Kognivera\Documents\GitHub\kogniver-repo\user_profile\target\classes started by SaurabhKumarUike in C:\Users\SaurabhKumarUike\OneDrive - Kognivera\Documents\GitHub\kogniver-repo\user_profile)
2024-03-18T00:00:03.408+05:30  INFO 28056 --- [user_profile] [restartedMain] c.spring.secure.UserProfileApplication   : The following 1 profile is active: "dev"
2024-03-18T00:00:03.660+05:30  INFO 28056 --- [user_profile] [restartedMain] .s.d.r.c.RepositoryConfigurationDelegate : Bootstrapping Spring Data JPA repositories in DEFAULT mode.
2024-03-18T00:00:03.675+05:30  INFO 28056 --- [user_profile] [restartedMain] .s.d.r.c.RepositoryConfigurationDelegate : Finished Spring Data repository scanning in 14 ms. Found 1 JPA repository interface.
2024-03-18T00:00:03.805+05:30  INFO 28056 --- [user_profile] [restartedMain] o.s.b.w.embedded.tomcat.TomcatWebServer  : Tomcat initialized with port 8080 (http)
2024-03-18T00:00:03.806+05:30  INFO 28056 --- [user_profile] [restartedMain] o.apache.catalina.core.StandardService   : Starting service [Tomcat]
2024-03-18T00:00:03.806+05:30  INFO 28056 --- [user_profile] [restartedMain] o.apache.catalina.core.StandardEngine    : Starting Servlet engine: [Apache Tomcat/10.1.19]
2024-03-18T00:00:03.831+05:30  INFO 28056 --- [user_profile] [restartedMain] o.a.c.c.C.[Tomcat].[localhost].[/]       : Initializing Spring embedded WebApplicationContext
2024-03-18T00:00:03.831+05:30  INFO 28056 --- [user_profile] [restartedMain] w.s.c.ServletWebServerApplicationContext : Root WebApplicationContext: initialization completed in 420 ms
2024-03-18T00:00:03.894+05:30  INFO 28056 --- [user_profile] [restartedMain] o.hibernate.jpa.internal.util.LogHelper  : HHH000204: Processing PersistenceUnitInfo [name: default]
2024-03-18T00:00:03.899+05:30  INFO 28056 --- [user_profile] [restartedMain] o.h.c.internal.RegionFactoryInitiator    : HHH000026: Second-level cache disabled
2024-03-18T00:00:03.904+05:30  INFO 28056 --- [user_profile] [restartedMain] o.s.o.j.p.SpringPersistenceUnitInfo      : No LoadTimeWeaver setup: ignoring JPA class transformer
2024-03-18T00:00:03.906+05:30  INFO 28056 --- [user_profile] [restartedMain] com.zaxxer.hikari.HikariDataSource       : HikariPool-3 - Starting...
2024-03-18T00:00:03.922+05:30  INFO 28056 --- [user_profile] [restartedMain] com.zaxxer.hikari.pool.HikariPool        : HikariPool-3 - Added connection com.mysql.cj.jdbc.ConnectionImpl@2d66433b
2024-03-18T00:00:03.923+05:30  INFO 28056 --- [user_profile] [restartedMain] com.zaxxer.hikari.HikariDataSource       : HikariPool-3 - Start completed.
2024-03-18T00:00:03.924+05:30  WARN 28056 --- [user_profile] [restartedMain] org.hibernate.orm.deprecation            : HHH90000025: MySQL8Dialect does not need to be specified explicitly using 'hibernate.dialect' (remove the property setting and it will be selected by default)
2024-03-18T00:00:03.924+05:30  WARN 28056 --- [user_profile] [restartedMain] org.hibernate.orm.deprecation            : HHH90000026: MySQL8Dialect has been deprecated; use org.hibernate.dialect.MySQLDialect instead
2024-03-18T00:00:03.960+05:30  INFO 28056 --- [user_profile] [restartedMain] o.h.e.t.j.p.i.JtaPlatformInitiator       : HHH000489: No JTA platform available (set 'hibernate.transaction.jta.platform' to enable JTA platform integration)
2024-03-18T00:00:03.971+05:30  INFO 28056 --- [user_profile] [restartedMain] j.LocalContainerEntityManagerFactoryBean : Initialized JPA EntityManagerFactory for persistence unit 'default'
2024-03-18T00:00:04.194+05:30  WARN 28056 --- [user_profile] [restartedMain] JpaBaseConfiguration$JpaWebConfiguration : spring.jpa.open-in-view is enabled by default. Therefore, database queries may be performed during view rendering. Explicitly configure spring.jpa.open-in-view to disable this warning
2024-03-18T00:00:04.312+05:30  INFO 28056 --- [user_profile] [restartedMain] o.s.s.web.DefaultSecurityFilterChain     : Will secure any request with [org.springframework.security.web.session.DisableEncodeUrlFilter@16d29ed4, org.springframework.security.web.context.request.async.WebAsyncManagerIntegrationFilter@3885a325, org.springframework.security.web.context.SecurityContextHolderFilter@7a94a3d0, org.springframework.security.web.header.HeaderWriterFilter@10611128, org.springframework.web.filter.CorsFilter@69dbfc57, org.springframework.security.web.authentication.logout.LogoutFilter@2f680c66, org.springframework.security.web.authentication.www.BasicAuthenticationFilter@2996d021, org.springframework.security.web.savedrequest.RequestCacheAwareFilter@22eac95d, org.springframework.security.web.servletapi.SecurityContextHolderAwareRequestFilter@684d1ff2, org.springframework.security.web.authentication.AnonymousAuthenticationFilter@76533e95, org.springframework.security.web.access.ExceptionTranslationFilter@7057475d, org.springframework.security.web.access.intercept.AuthorizationFilter@46f2efa5]
2024-03-18T00:00:04.399+05:30  INFO 28056 --- [user_profile] [restartedMain] o.s.b.d.a.OptionalLiveReloadServer       : LiveReload server is running on port 35729
2024-03-18T00:00:04.416+05:30  INFO 28056 --- [user_profile] [restartedMain] o.s.b.w.embedded.tomcat.TomcatWebServer  : Tomcat started on port 8080 (http) with context path ''
2024-03-18T00:00:04.421+05:30  INFO 28056 --- [user_profile] [restartedMain] c.spring.secure.UserProfileApplication   : Started UserProfileApplication in 1.055 seconds (process running for 509.425)
2024-03-18T00:00:04.423+05:30  INFO 28056 --- [user_profile] [restartedMain] .ConditionEvaluationDeltaLoggingListener : Condition evaluation unchanged
2024-03-18T00:00:12.777+05:30  INFO 28056 --- [user_profile] [http-nio-8080-exec-2] o.a.c.c.C.[Tomcat].[localhost].[/]       : Initializing Spring DispatcherServlet 'dispatcherServlet'
2024-03-18T00:00:12.777+05:30  INFO 28056 --- [user_profile] [http-nio-8080-exec-2] o.s.web.servlet.DispatcherServlet        : Initializing Servlet 'dispatcherServlet'
2024-03-18T00:00:12.778+05:30  INFO 28056 --- [user_profile] [http-nio-8080-exec-2] o.s.web.servlet.DispatcherServlet        : Completed initialization in 1 ms
2024-03-18T00:05:43.565+05:30  INFO 28056 --- [user_profile] [File Watcher] rtingClassPathChangeChangedEventListener : Restarting due to 1 class path change (0 additions, 0 deletions, 1 modification)
2024-03-18T00:05:43.601+05:30  INFO 28056 --- [user_profile] [Thread-11] j.LocalContainerEntityManagerFactoryBean : Closing JPA EntityManagerFactory for persistence unit 'default'
2024-03-18T00:05:43.602+05:30  INFO 28056 --- [user_profile] [Thread-11] com.zaxxer.hikari.HikariDataSource       : HikariPool-3 - Shutdown initiated...
2024-03-18T00:05:43.610+05:30  INFO 28056 --- [user_profile] [Thread-11] com.zaxxer.hikari.HikariDataSource       : HikariPool-3 - Shutdown completed.
2024-03-18T00:05:43.779+05:30  INFO 28056 --- [user_profile] [restartedMain] c.spring.secure.UserProfileApplication   : Starting UserProfileApplication using Java 17.0.10 with PID 28056 (C:\Users\SaurabhKumarUike\OneDrive - Kognivera\Documents\GitHub\kogniver-repo\user_profile\target\classes started by SaurabhKumarUike in C:\Users\SaurabhKumarUike\OneDrive - Kognivera\Documents\GitHub\kogniver-repo\user_profile)
2024-03-18T00:05:43.782+05:30  INFO 28056 --- [user_profile] [restartedMain] c.spring.secure.UserProfileApplication   : No active profile set, falling back to 1 default profile: "default"
2024-03-18T00:05:44.200+05:30  INFO 28056 --- [user_profile] [restartedMain] .s.d.r.c.RepositoryConfigurationDelegate : Bootstrapping Spring Data JPA repositories in DEFAULT mode.
2024-03-18T00:05:44.219+05:30  INFO 28056 --- [user_profile] [restartedMain] .s.d.r.c.RepositoryConfigurationDelegate : Finished Spring Data repository scanning in 18 ms. Found 1 JPA repository interface.
2024-03-18T00:05:44.385+05:30  INFO 28056 --- [user_profile] [restartedMain] o.s.b.w.embedded.tomcat.TomcatWebServer  : Tomcat initialized with port 8080 (http)
2024-03-18T00:05:44.386+05:30  INFO 28056 --- [user_profile] [restartedMain] o.apache.catalina.core.StandardService   : Starting service [Tomcat]
2024-03-18T00:05:44.386+05:30  INFO 28056 --- [user_profile] [restartedMain] o.apache.catalina.core.StandardEngine    : Starting Servlet engine: [Apache Tomcat/10.1.19]
2024-03-18T00:05:44.414+05:30  INFO 28056 --- [user_profile] [restartedMain] o.a.c.c.C.[Tomcat].[localhost].[/]       : Initializing Spring embedded WebApplicationContext
2024-03-18T00:05:44.414+05:30  INFO 28056 --- [user_profile] [restartedMain] w.s.c.ServletWebServerApplicationContext : Root WebApplicationContext: initialization completed in 628 ms
2024-03-18T00:05:44.486+05:30  INFO 28056 --- [user_profile] [restartedMain] o.hibernate.jpa.internal.util.LogHelper  : HHH000204: Processing PersistenceUnitInfo [name: default]
2024-03-18T00:05:44.491+05:30  INFO 28056 --- [user_profile] [restartedMain] o.h.c.internal.RegionFactoryInitiator    : HHH000026: Second-level cache disabled
2024-03-18T00:05:44.497+05:30  INFO 28056 --- [user_profile] [restartedMain] o.s.o.j.p.SpringPersistenceUnitInfo      : No LoadTimeWeaver setup: ignoring JPA class transformer
2024-03-18T00:05:44.499+05:30  INFO 28056 --- [user_profile] [restartedMain] com.zaxxer.hikari.HikariDataSource       : HikariPool-4 - Starting...
2024-03-18T00:05:44.516+05:30  INFO 28056 --- [user_profile] [restartedMain] com.zaxxer.hikari.pool.HikariPool        : HikariPool-4 - Added connection com.mysql.cj.jdbc.ConnectionImpl@60b3bd5a
2024-03-18T00:05:44.517+05:30  INFO 28056 --- [user_profile] [restartedMain] com.zaxxer.hikari.HikariDataSource       : HikariPool-4 - Start completed.
2024-03-18T00:05:44.518+05:30  WARN 28056 --- [user_profile] [restartedMain] org.hibernate.orm.deprecation            : HHH90000025: MySQL8Dialect does not need to be specified explicitly using 'hibernate.dialect' (remove the property setting and it will be selected by default)
2024-03-18T00:05:44.518+05:30  WARN 28056 --- [user_profile] [restartedMain] org.hibernate.orm.deprecation            : HHH90000026: MySQL8Dialect has been deprecated; use org.hibernate.dialect.MySQLDialect instead
2024-03-18T00:05:44.559+05:30  INFO 28056 --- [user_profile] [restartedMain] o.h.e.t.j.p.i.JtaPlatformInitiator       : HHH000489: No JTA platform available (set 'hibernate.transaction.jta.platform' to enable JTA platform integration)
2024-03-18T00:05:44.571+05:30  INFO 28056 --- [user_profile] [restartedMain] j.LocalContainerEntityManagerFactoryBean : Initialized JPA EntityManagerFactory for persistence unit 'default'
2024-03-18T00:05:44.580+05:30  WARN 28056 --- [user_profile] [restartedMain] ConfigServletWebServerApplicationContext : Exception encountered during context initialization - cancelling refresh attempt: org.springframework.beans.factory.BeanCreationException: Error creating bean with name 'securityConfig': Injection of autowired dependencies failed
2024-03-18T00:05:44.580+05:30  INFO 28056 --- [user_profile] [restartedMain] j.LocalContainerEntityManagerFactoryBean : Closing JPA EntityManagerFactory for persistence unit 'default'
2024-03-18T00:05:44.580+05:30  INFO 28056 --- [user_profile] [restartedMain] com.zaxxer.hikari.HikariDataSource       : HikariPool-4 - Shutdown initiated...
2024-03-18T00:05:44.581+05:30  INFO 28056 --- [user_profile] [restartedMain] com.zaxxer.hikari.HikariDataSource       : HikariPool-4 - Shutdown completed.
2024-03-18T00:05:44.582+05:30  INFO 28056 --- [user_profile] [restartedMain] o.apache.catalina.core.StandardService   : Stopping service [Tomcat]
2024-03-18T00:05:44.593+05:30  INFO 28056 --- [user_profile] [restartedMain] .s.b.a.l.ConditionEvaluationReportLogger : 

Error starting ApplicationContext. To display the condition evaluation report re-run your application with 'debug' enabled.
2024-03-18T00:05:44.620+05:30 ERROR 28056 --- [user_profile] [restartedMain] o.s.boot.SpringApplication               : Application run failed

org.springframework.beans.factory.BeanCreationException: Error creating bean with name 'securityConfig': Injection of autowired dependencies failed
	at org.springframework.beans.factory.annotation.AutowiredAnnotationBeanPostProcessor.postProcessProperties(AutowiredAnnotationBeanPostProcessor.java:514) ~[spring-beans-6.1.4.jar:6.1.4]
	at org.springframework.beans.factory.support.AbstractAutowireCapableBeanFactory.populateBean(AbstractAutowireCapableBeanFactory.java:1419) ~[spring-beans-6.1.4.jar:6.1.4]
	at org.springframework.beans.factory.support.AbstractAutowireCapableBeanFactory.doCreateBean(AbstractAutowireCapableBeanFactory.java:599) ~[spring-beans-6.1.4.jar:6.1.4]
	at org.springframework.beans.factory.support.AbstractAutowireCapableBeanFactory.createBean(AbstractAutowireCapableBeanFactory.java:522) ~[spring-beans-6.1.4.jar:6.1.4]
	at org.springframework.beans.factory.support.AbstractBeanFactory.lambda$doGetBean$0(AbstractBeanFactory.java:325) ~[spring-beans-6.1.4.jar:6.1.4]
	at org.springframework.beans.factory.support.DefaultSingletonBeanRegistry.getSingleton(DefaultSingletonBeanRegistry.java:234) ~[spring-beans-6.1.4.jar:6.1.4]
	at org.springframework.beans.factory.support.AbstractBeanFactory.doGetBean(AbstractBeanFactory.java:323) ~[spring-beans-6.1.4.jar:6.1.4]
	at org.springframework.beans.factory.support.AbstractBeanFactory.getBean(AbstractBeanFactory.java:199) ~[spring-beans-6.1.4.jar:6.1.4]
	at org.springframework.beans.factory.support.DefaultListableBeanFactory.preInstantiateSingletons(DefaultListableBeanFactory.java:975) ~[spring-beans-6.1.4.jar:6.1.4]
	at org.springframework.context.support.AbstractApplicationContext.finishBeanFactoryInitialization(AbstractApplicationContext.java:959) ~[spring-context-6.1.4.jar:6.1.4]
	at org.springframework.context.support.AbstractApplicationContext.refresh(AbstractApplicationContext.java:624) ~[spring-context-6.1.4.jar:6.1.4]
	at org.springframework.boot.web.servlet.context.ServletWebServerApplicationContext.refresh(ServletWebServerApplicationContext.java:146) ~[spring-boot-3.2.3.jar:3.2.3]
	at org.springframework.boot.SpringApplication.refresh(SpringApplication.java:754) ~[spring-boot-3.2.3.jar:3.2.3]
	at org.springframework.boot.SpringApplication.refreshContext(SpringApplication.java:456) ~[spring-boot-3.2.3.jar:3.2.3]
	at org.springframework.boot.SpringApplication.run(SpringApplication.java:334) ~[spring-boot-3.2.3.jar:3.2.3]
	at org.springframework.boot.SpringApplication.run(SpringApplication.java:1354) ~[spring-boot-3.2.3.jar:3.2.3]
	at org.springframework.boot.SpringApplication.run(SpringApplication.java:1343) ~[spring-boot-3.2.3.jar:3.2.3]
	at com.spring.secure.UserProfileApplication.main(UserProfileApplication.java:10) ~[classes/:na]
	at java.base/jdk.internal.reflect.NativeMethodAccessorImpl.invoke0(Native Method) ~[na:na]
	at java.base/jdk.internal.reflect.NativeMethodAccessorImpl.invoke(NativeMethodAccessorImpl.java:77) ~[na:na]
	at java.base/jdk.internal.reflect.DelegatingMethodAccessorImpl.invoke(DelegatingMethodAccessorImpl.java:43) ~[na:na]
	at java.base/java.lang.reflect.Method.invoke(Method.java:568) ~[na:na]
	at org.springframework.boot.devtools.restart.RestartLauncher.run(RestartLauncher.java:50) ~[spring-boot-devtools-3.2.3.jar:3.2.3]
Caused by: java.lang.IllegalArgumentException: Could not resolve placeholder 'spring.security.user.name' in value "${spring.security.user.name}"
	at org.springframework.util.PropertyPlaceholderHelper.parseStringValue(PropertyPlaceholderHelper.java:180) ~[spring-core-6.1.4.jar:6.1.4]
	at org.springframework.util.PropertyPlaceholderHelper.replacePlaceholders(PropertyPlaceholderHelper.java:126) ~[spring-core-6.1.4.jar:6.1.4]
	at org.springframework.core.env.AbstractPropertyResolver.doResolvePlaceholders(AbstractPropertyResolver.java:239) ~[spring-core-6.1.4.jar:6.1.4]
	at org.springframework.core.env.AbstractPropertyResolver.resolveRequiredPlaceholders(AbstractPropertyResolver.java:210) ~[spring-core-6.1.4.jar:6.1.4]
	at org.springframework.context.support.PropertySourcesPlaceholderConfigurer.lambda$processProperties$0(PropertySourcesPlaceholderConfigurer.java:200) ~[spring-context-6.1.4.jar:6.1.4]
	at org.springframework.beans.factory.support.AbstractBeanFactory.resolveEmbeddedValue(AbstractBeanFactory.java:921) ~[spring-beans-6.1.4.jar:6.1.4]
	at org.springframework.beans.factory.support.DefaultListableBeanFactory.doResolveDependency(DefaultListableBeanFactory.java:1374) ~[spring-beans-6.1.4.jar:6.1.4]
	at org.springframework.beans.factory.support.DefaultListableBeanFactory.resolveDependency(DefaultListableBeanFactory.java:1353) ~[spring-beans-6.1.4.jar:6.1.4]
	at org.springframework.beans.factory.annotation.AutowiredAnnotationBeanPostProcessor$AutowiredFieldElement.resolveFieldValue(AutowiredAnnotationBeanPostProcessor.java:784) ~[spring-beans-6.1.4.jar:6.1.4]
	at org.springframework.beans.factory.annotation.AutowiredAnnotationBeanPostProcessor$AutowiredFieldElement.inject(AutowiredAnnotationBeanPostProcessor.java:767) ~[spring-beans-6.1.4.jar:6.1.4]
	at org.springframework.beans.factory.annotation.InjectionMetadata.inject(InjectionMetadata.java:145) ~[spring-beans-6.1.4.jar:6.1.4]
	at org.springframework.beans.factory.annotation.AutowiredAnnotationBeanPostProcessor.postProcessProperties(AutowiredAnnotationBeanPostProcessor.java:508) ~[spring-beans-6.1.4.jar:6.1.4]
	... 22 common frames omitted

2024-03-18T00:06:32.719+05:30  INFO 28056 --- [user_profile] [restartedMain] c.spring.secure.UserProfileApplication   : Starting UserProfileApplication using Java 17.0.10 with PID 28056 (C:\Users\SaurabhKumarUike\OneDrive - Kognivera\Documents\GitHub\kogniver-repo\user_profile\target\classes started by SaurabhKumarUike in C:\Users\SaurabhKumarUike\OneDrive - Kognivera\Documents\GitHub\kogniver-repo\user_profile)
2024-03-18T00:06:32.719+05:30  INFO 28056 --- [user_profile] [restartedMain] c.spring.secure.UserProfileApplication   : No active profile set, falling back to 1 default profile: "default"
2024-03-18T00:06:33.062+05:30  INFO 28056 --- [user_profile] [restartedMain] .s.d.r.c.RepositoryConfigurationDelegate : Bootstrapping Spring Data JPA repositories in DEFAULT mode.
2024-03-18T00:06:33.084+05:30  INFO 28056 --- [user_profile] [restartedMain] .s.d.r.c.RepositoryConfigurationDelegate : Finished Spring Data repository scanning in 22 ms. Found 1 JPA repository interface.
2024-03-18T00:06:33.209+05:30  INFO 28056 --- [user_profile] [restartedMain] o.s.b.w.embedded.tomcat.TomcatWebServer  : Tomcat initialized with port 8080 (http)
2024-03-18T00:06:33.212+05:30  INFO 28056 --- [user_profile] [restartedMain] o.apache.catalina.core.StandardService   : Starting service [Tomcat]
2024-03-18T00:06:33.212+05:30  INFO 28056 --- [user_profile] [restartedMain] o.apache.catalina.core.StandardEngine    : Starting Servlet engine: [Apache Tomcat/10.1.19]
2024-03-18T00:06:33.236+05:30  INFO 28056 --- [user_profile] [restartedMain] o.a.c.c.C.[Tomcat-1].[localhost].[/]     : Initializing Spring embedded WebApplicationContext
2024-03-18T00:06:33.236+05:30  INFO 28056 --- [user_profile] [restartedMain] w.s.c.ServletWebServerApplicationContext : Root WebApplicationContext: initialization completed in 513 ms
2024-03-18T00:06:33.292+05:30  INFO 28056 --- [user_profile] [restartedMain] o.hibernate.jpa.internal.util.LogHelper  : HHH000204: Processing PersistenceUnitInfo [name: default]
2024-03-18T00:06:33.298+05:30  INFO 28056 --- [user_profile] [restartedMain] o.h.c.internal.RegionFactoryInitiator    : HHH000026: Second-level cache disabled
2024-03-18T00:06:33.306+05:30  INFO 28056 --- [user_profile] [restartedMain] o.s.o.j.p.SpringPersistenceUnitInfo      : No LoadTimeWeaver setup: ignoring JPA class transformer
2024-03-18T00:06:33.308+05:30  INFO 28056 --- [user_profile] [restartedMain] com.zaxxer.hikari.HikariDataSource       : HikariPool-5 - Starting...
2024-03-18T00:06:33.333+05:30  INFO 28056 --- [user_profile] [restartedMain] com.zaxxer.hikari.pool.HikariPool        : HikariPool-5 - Added connection com.mysql.cj.jdbc.ConnectionImpl@30b1b16f
2024-03-18T00:06:33.334+05:30  INFO 28056 --- [user_profile] [restartedMain] com.zaxxer.hikari.HikariDataSource       : HikariPool-5 - Start completed.
2024-03-18T00:06:33.335+05:30  WARN 28056 --- [user_profile] [restartedMain] org.hibernate.orm.deprecation            : HHH90000025: MySQL8Dialect does not need to be specified explicitly using 'hibernate.dialect' (remove the property setting and it will be selected by default)
2024-03-18T00:06:33.335+05:30  WARN 28056 --- [user_profile] [restartedMain] org.hibernate.orm.deprecation            : HHH90000026: MySQL8Dialect has been deprecated; use org.hibernate.dialect.MySQLDialect instead
2024-03-18T00:06:33.398+05:30  INFO 28056 --- [user_profile] [restartedMain] o.h.e.t.j.p.i.JtaPlatformInitiator       : HHH000489: No JTA platform available (set 'hibernate.transaction.jta.platform' to enable JTA platform integration)
2024-03-18T00:06:33.413+05:30  INFO 28056 --- [user_profile] [restartedMain] j.LocalContainerEntityManagerFactoryBean : Initialized JPA EntityManagerFactory for persistence unit 'default'
2024-03-18T00:06:33.700+05:30  WARN 28056 --- [user_profile] [restartedMain] JpaBaseConfiguration$JpaWebConfiguration : spring.jpa.open-in-view is enabled by default. Therefore, database queries may be performed during view rendering. Explicitly configure spring.jpa.open-in-view to disable this warning
2024-03-18T00:06:33.797+05:30  INFO 28056 --- [user_profile] [restartedMain] o.s.s.web.DefaultSecurityFilterChain     : Will secure any request with [org.springframework.security.web.session.DisableEncodeUrlFilter@3df25474, org.springframework.security.web.context.request.async.WebAsyncManagerIntegrationFilter@3d3d9603, org.springframework.security.web.context.SecurityContextHolderFilter@335c740d, org.springframework.security.web.header.HeaderWriterFilter@266b364a, org.springframework.web.filter.CorsFilter@684a528, org.springframework.security.web.authentication.logout.LogoutFilter@4892741b, org.springframework.security.web.authentication.www.BasicAuthenticationFilter@5f5e788b, org.springframework.security.web.savedrequest.RequestCacheAwareFilter@5d7b7549, org.springframework.security.web.servletapi.SecurityContextHolderAwareRequestFilter@671834c2, org.springframework.security.web.authentication.AnonymousAuthenticationFilter@2ab20f53, org.springframework.security.web.access.ExceptionTranslationFilter@1f04bba7, org.springframework.security.web.access.intercept.AuthorizationFilter@437e6ba]
2024-03-18T00:06:33.878+05:30  INFO 28056 --- [user_profile] [restartedMain] o.s.b.d.a.OptionalLiveReloadServer       : LiveReload server is running on port 35729
2024-03-18T00:06:33.894+05:30  INFO 28056 --- [user_profile] [restartedMain] o.s.b.w.embedded.tomcat.TomcatWebServer  : Tomcat started on port 8080 (http) with context path ''
2024-03-18T00:06:33.900+05:30  INFO 28056 --- [user_profile] [restartedMain] c.spring.secure.UserProfileApplication   : Started UserProfileApplication in 1.241 seconds (process running for 898.904)
2024-03-18T00:06:33.902+05:30  INFO 28056 --- [user_profile] [restartedMain] .ConditionEvaluationDeltaLoggingListener : Condition evaluation unchanged
2024-03-18T00:06:58.555+05:30  INFO 28056 --- [user_profile] [RMI TCP Connection(17)-127.0.0.1] inMXBeanRegistrar$SpringApplicationAdmin : Application shutdown requested.
2024-03-18T00:06:58.581+05:30  INFO 28056 --- [user_profile] [RMI TCP Connection(17)-127.0.0.1] j.LocalContainerEntityManagerFactoryBean : Closing JPA EntityManagerFactory for persistence unit 'default'
2024-03-18T00:06:58.583+05:30  INFO 28056 --- [user_profile] [RMI TCP Connection(17)-127.0.0.1] com.zaxxer.hikari.HikariDataSource       : HikariPool-5 - Shutdown initiated...
2024-03-18T00:06:58.589+05:30  INFO 28056 --- [user_profile] [RMI TCP Connection(17)-127.0.0.1] com.zaxxer.hikari.HikariDataSource       : HikariPool-5 - Shutdown completed.
2024-03-18T13:59:12.724+05:30  INFO 27440 --- [user_profile] [restartedMain] c.spring.secure.UserProfileApplication   : Starting UserProfileApplication using Java 17.0.10 with PID 27440 (C:\Users\SaurabhKumarUike\OneDrive - Kognivera\Documents\GitHub\kogniver-repo\user_profile\target\classes started by SaurabhKumarUike in C:\Users\SaurabhKumarUike\OneDrive - Kognivera\Documents\GitHub\kogniver-repo\user_profile)
2024-03-18T13:59:12.725+05:30  INFO 27440 --- [user_profile] [restartedMain] c.spring.secure.UserProfileApplication   : No active profile set, falling back to 1 default profile: "default"
2024-03-18T13:59:12.758+05:30  INFO 27440 --- [user_profile] [restartedMain] .e.DevToolsPropertyDefaultsPostProcessor : Devtools property defaults active! Set 'spring.devtools.add-properties' to 'false' to disable
2024-03-18T13:59:12.759+05:30  INFO 27440 --- [user_profile] [restartedMain] .e.DevToolsPropertyDefaultsPostProcessor : For additional web related logging consider setting the 'logging.level.web' property to 'DEBUG'
2024-03-18T13:59:13.317+05:30  INFO 27440 --- [user_profile] [restartedMain] .s.d.r.c.RepositoryConfigurationDelegate : Bootstrapping Spring Data JPA repositories in DEFAULT mode.
2024-03-18T13:59:13.365+05:30  INFO 27440 --- [user_profile] [restartedMain] .s.d.r.c.RepositoryConfigurationDelegate : Finished Spring Data repository scanning in 40 ms. Found 1 JPA repository interface.
2024-03-18T13:59:13.803+05:30  INFO 27440 --- [user_profile] [restartedMain] o.s.b.w.embedded.tomcat.TomcatWebServer  : Tomcat initialized with port 8080 (http)
2024-03-18T13:59:13.812+05:30  INFO 27440 --- [user_profile] [restartedMain] o.apache.catalina.core.StandardService   : Starting service [Tomcat]
2024-03-18T13:59:13.812+05:30  INFO 27440 --- [user_profile] [restartedMain] o.apache.catalina.core.StandardEngine    : Starting Servlet engine: [Apache Tomcat/10.1.19]
2024-03-18T13:59:13.863+05:30  INFO 27440 --- [user_profile] [restartedMain] o.a.c.c.C.[Tomcat].[localhost].[/]       : Initializing Spring embedded WebApplicationContext
2024-03-18T13:59:13.864+05:30  INFO 27440 --- [user_profile] [restartedMain] w.s.c.ServletWebServerApplicationContext : Root WebApplicationContext: initialization completed in 1105 ms
2024-03-18T13:59:14.002+05:30  INFO 27440 --- [user_profile] [restartedMain] o.hibernate.jpa.internal.util.LogHelper  : HHH000204: Processing PersistenceUnitInfo [name: default]
2024-03-18T13:59:14.049+05:30  INFO 27440 --- [user_profile] [restartedMain] org.hibernate.Version                    : HHH000412: Hibernate ORM core version 6.4.4.Final
2024-03-18T13:59:14.076+05:30  INFO 27440 --- [user_profile] [restartedMain] o.h.c.internal.RegionFactoryInitiator    : HHH000026: Second-level cache disabled
2024-03-18T13:59:14.272+05:30  INFO 27440 --- [user_profile] [restartedMain] o.s.o.j.p.SpringPersistenceUnitInfo      : No LoadTimeWeaver setup: ignoring JPA class transformer
2024-03-18T13:59:14.294+05:30  INFO 27440 --- [user_profile] [restartedMain] com.zaxxer.hikari.HikariDataSource       : HikariPool-1 - Starting...
2024-03-18T13:59:14.544+05:30  INFO 27440 --- [user_profile] [restartedMain] com.zaxxer.hikari.pool.HikariPool        : HikariPool-1 - Added connection com.mysql.cj.jdbc.ConnectionImpl@627b1d95
2024-03-18T13:59:14.546+05:30  INFO 27440 --- [user_profile] [restartedMain] com.zaxxer.hikari.HikariDataSource       : HikariPool-1 - Start completed.
2024-03-18T13:59:14.580+05:30  WARN 27440 --- [user_profile] [restartedMain] org.hibernate.orm.deprecation            : HHH90000025: MySQL8Dialect does not need to be specified explicitly using 'hibernate.dialect' (remove the property setting and it will be selected by default)
2024-03-18T13:59:14.581+05:30  WARN 27440 --- [user_profile] [restartedMain] org.hibernate.orm.deprecation            : HHH90000026: MySQL8Dialect has been deprecated; use org.hibernate.dialect.MySQLDialect instead
2024-03-18T13:59:15.263+05:30  INFO 27440 --- [user_profile] [restartedMain] o.h.e.t.j.p.i.JtaPlatformInitiator       : HHH000489: No JTA platform available (set 'hibernate.transaction.jta.platform' to enable JTA platform integration)
2024-03-18T13:59:15.418+05:30  INFO 27440 --- [user_profile] [restartedMain] j.LocalContainerEntityManagerFactoryBean : Initialized JPA EntityManagerFactory for persistence unit 'default'
2024-03-18T13:59:15.797+05:30  WARN 27440 --- [user_profile] [restartedMain] JpaBaseConfiguration$JpaWebConfiguration : spring.jpa.open-in-view is enabled by default. Therefore, database queries may be performed during view rendering. Explicitly configure spring.jpa.open-in-view to disable this warning
2024-03-18T13:59:16.010+05:30  INFO 27440 --- [user_profile] [restartedMain] o.s.s.web.DefaultSecurityFilterChain     : Will secure any request with [org.springframework.security.web.session.DisableEncodeUrlFilter@4e75a7e9, org.springframework.security.web.context.request.async.WebAsyncManagerIntegrationFilter@c75d39, org.springframework.security.web.context.SecurityContextHolderFilter@b433dce, org.springframework.security.web.header.HeaderWriterFilter@54b383cb, org.springframework.web.filter.CorsFilter@3d7ede0, org.springframework.security.web.authentication.logout.LogoutFilter@5aac21ba, org.springframework.security.web.authentication.www.BasicAuthenticationFilter@6ac48711, org.springframework.security.web.savedrequest.RequestCacheAwareFilter@50a05988, org.springframework.security.web.servletapi.SecurityContextHolderAwareRequestFilter@ff8e7f4, org.springframework.security.web.authentication.AnonymousAuthenticationFilter@7c0c73fd, org.springframework.security.web.access.ExceptionTranslationFilter@1d64ec07, org.springframework.security.web.access.intercept.AuthorizationFilter@6b38581d]
2024-03-18T13:59:16.181+05:30  INFO 27440 --- [user_profile] [restartedMain] o.s.b.d.a.OptionalLiveReloadServer       : LiveReload server is running on port 35729
2024-03-18T13:59:16.211+05:30  INFO 27440 --- [user_profile] [restartedMain] o.s.b.w.embedded.tomcat.TomcatWebServer  : Tomcat started on port 8080 (http) with context path ''
2024-03-18T13:59:16.218+05:30  INFO 27440 --- [user_profile] [restartedMain] c.spring.secure.UserProfileApplication   : Started UserProfileApplication in 3.832 seconds (process running for 4.493)
2024-03-18T14:00:49.556+05:30  INFO 27440 --- [user_profile] [http-nio-8080-exec-2] o.a.c.c.C.[Tomcat].[localhost].[/]       : Initializing Spring DispatcherServlet 'dispatcherServlet'
2024-03-18T14:00:49.558+05:30  INFO 27440 --- [user_profile] [http-nio-8080-exec-2] o.s.web.servlet.DispatcherServlet        : Initializing Servlet 'dispatcherServlet'
2024-03-18T14:00:49.559+05:30  INFO 27440 --- [user_profile] [http-nio-8080-exec-2] o.s.web.servlet.DispatcherServlet        : Completed initialization in 1 ms
2024-03-18T14:04:55.244+05:30  INFO 27440 --- [user_profile] [File Watcher] rtingClassPathChangeChangedEventListener : Restarting due to 1 class path change (0 additions, 0 deletions, 1 modification)
2024-03-18T14:04:55.268+05:30  INFO 27440 --- [user_profile] [Thread-5] j.LocalContainerEntityManagerFactoryBean : Closing JPA EntityManagerFactory for persistence unit 'default'
2024-03-18T14:04:55.270+05:30  INFO 27440 --- [user_profile] [Thread-5] com.zaxxer.hikari.HikariDataSource       : HikariPool-1 - Shutdown initiated...
2024-03-18T14:04:55.276+05:30  INFO 27440 --- [user_profile] [Thread-5] com.zaxxer.hikari.HikariDataSource       : HikariPool-1 - Shutdown completed.
2024-03-18T14:04:55.341+05:30  INFO 27440 --- [user_profile] [restartedMain] c.spring.secure.UserProfileApplication   : Starting UserProfileApplication using Java 17.0.10 with PID 27440 (C:\Users\SaurabhKumarUike\OneDrive - Kognivera\Documents\GitHub\kogniver-repo\user_profile\target\classes started by SaurabhKumarUike in C:\Users\SaurabhKumarUike\OneDrive - Kognivera\Documents\GitHub\kogniver-repo\user_profile)
2024-03-18T14:04:55.341+05:30  INFO 27440 --- [user_profile] [restartedMain] c.spring.secure.UserProfileApplication   : No active profile set, falling back to 1 default profile: "default"
2024-03-18T14:04:55.520+05:30  INFO 27440 --- [user_profile] [restartedMain] .s.d.r.c.RepositoryConfigurationDelegate : Bootstrapping Spring Data JPA repositories in DEFAULT mode.
2024-03-18T14:04:55.529+05:30  INFO 27440 --- [user_profile] [restartedMain] .s.d.r.c.RepositoryConfigurationDelegate : Finished Spring Data repository scanning in 9 ms. Found 1 JPA repository interface.
2024-03-18T14:04:55.612+05:30  INFO 27440 --- [user_profile] [restartedMain] o.s.b.w.embedded.tomcat.TomcatWebServer  : Tomcat initialized with port 8080 (http)
2024-03-18T14:04:55.613+05:30  INFO 27440 --- [user_profile] [restartedMain] o.apache.catalina.core.StandardService   : Starting service [Tomcat]
2024-03-18T14:04:55.613+05:30  INFO 27440 --- [user_profile] [restartedMain] o.apache.catalina.core.StandardEngine    : Starting Servlet engine: [Apache Tomcat/10.1.19]
2024-03-18T14:04:55.630+05:30  INFO 27440 --- [user_profile] [restartedMain] o.a.c.c.C.[Tomcat].[localhost].[/]       : Initializing Spring embedded WebApplicationContext
2024-03-18T14:04:55.631+05:30  INFO 27440 --- [user_profile] [restartedMain] w.s.c.ServletWebServerApplicationContext : Root WebApplicationContext: initialization completed in 288 ms
2024-03-18T14:04:55.672+05:30  INFO 27440 --- [user_profile] [restartedMain] o.hibernate.jpa.internal.util.LogHelper  : HHH000204: Processing PersistenceUnitInfo [name: default]
2024-03-18T14:04:55.675+05:30  INFO 27440 --- [user_profile] [restartedMain] o.h.c.internal.RegionFactoryInitiator    : HHH000026: Second-level cache disabled
2024-03-18T14:04:55.679+05:30  INFO 27440 --- [user_profile] [restartedMain] o.s.o.j.p.SpringPersistenceUnitInfo      : No LoadTimeWeaver setup: ignoring JPA class transformer
2024-03-18T14:04:55.680+05:30  INFO 27440 --- [user_profile] [restartedMain] com.zaxxer.hikari.HikariDataSource       : HikariPool-2 - Starting...
2024-03-18T14:04:55.691+05:30  INFO 27440 --- [user_profile] [restartedMain] com.zaxxer.hikari.pool.HikariPool        : HikariPool-2 - Added connection com.mysql.cj.jdbc.ConnectionImpl@7ff8a17
2024-03-18T14:04:55.691+05:30  INFO 27440 --- [user_profile] [restartedMain] com.zaxxer.hikari.HikariDataSource       : HikariPool-2 - Start completed.
2024-03-18T14:04:55.692+05:30  WARN 27440 --- [user_profile] [restartedMain] org.hibernate.orm.deprecation            : HHH90000025: MySQL8Dialect does not need to be specified explicitly using 'hibernate.dialect' (remove the property setting and it will be selected by default)
2024-03-18T14:04:55.692+05:30  WARN 27440 --- [user_profile] [restartedMain] org.hibernate.orm.deprecation            : HHH90000026: MySQL8Dialect has been deprecated; use org.hibernate.dialect.MySQLDialect instead
2024-03-18T14:04:55.717+05:30  INFO 27440 --- [user_profile] [restartedMain] o.h.e.t.j.p.i.JtaPlatformInitiator       : HHH000489: No JTA platform available (set 'hibernate.transaction.jta.platform' to enable JTA platform integration)
2024-03-18T14:04:55.736+05:30  INFO 27440 --- [user_profile] [restartedMain] j.LocalContainerEntityManagerFactoryBean : Initialized JPA EntityManagerFactory for persistence unit 'default'
2024-03-18T14:04:55.876+05:30  WARN 27440 --- [user_profile] [restartedMain] JpaBaseConfiguration$JpaWebConfiguration : spring.jpa.open-in-view is enabled by default. Therefore, database queries may be performed during view rendering. Explicitly configure spring.jpa.open-in-view to disable this warning
2024-03-18T14:04:55.935+05:30  INFO 27440 --- [user_profile] [restartedMain] o.s.s.web.DefaultSecurityFilterChain     : Will secure any request with [org.springframework.security.web.session.DisableEncodeUrlFilter@49c75290, org.springframework.security.web.context.request.async.WebAsyncManagerIntegrationFilter@6bc6801e, org.springframework.security.web.context.SecurityContextHolderFilter@55dc7033, org.springframework.security.web.header.HeaderWriterFilter@289cea16, org.springframework.web.filter.CorsFilter@3f6a8f4a, org.springframework.security.web.authentication.logout.LogoutFilter@710c3a83, org.springframework.security.web.authentication.www.BasicAuthenticationFilter@590fa310, org.springframework.security.web.savedrequest.RequestCacheAwareFilter@7ae03e42, org.springframework.security.web.servletapi.SecurityContextHolderAwareRequestFilter@86400f4, org.springframework.security.web.authentication.AnonymousAuthenticationFilter@1b59ac94, org.springframework.security.web.access.ExceptionTranslationFilter@b0f3f3d, org.springframework.security.web.access.intercept.AuthorizationFilter@222edac6]
2024-03-18T14:04:55.984+05:30  INFO 27440 --- [user_profile] [restartedMain] o.s.b.d.a.OptionalLiveReloadServer       : LiveReload server is running on port 35729
2024-03-18T14:04:55.994+05:30  INFO 27440 --- [user_profile] [restartedMain] o.s.b.w.embedded.tomcat.TomcatWebServer  : Tomcat started on port 8080 (http) with context path ''
2024-03-18T14:04:55.999+05:30  INFO 27440 --- [user_profile] [restartedMain] c.spring.secure.UserProfileApplication   : Started UserProfileApplication in 0.684 seconds (process running for 344.274)
2024-03-18T14:04:56.001+05:30  INFO 27440 --- [user_profile] [restartedMain] .ConditionEvaluationDeltaLoggingListener : Condition evaluation unchanged
2024-03-18T14:05:05.514+05:30  INFO 27440 --- [user_profile] [http-nio-8080-exec-2] o.a.c.c.C.[Tomcat].[localhost].[/]       : Initializing Spring DispatcherServlet 'dispatcherServlet'
2024-03-18T14:05:05.514+05:30  INFO 27440 --- [user_profile] [http-nio-8080-exec-2] o.s.web.servlet.DispatcherServlet        : Initializing Servlet 'dispatcherServlet'
2024-03-18T14:05:05.516+05:30  INFO 27440 --- [user_profile] [http-nio-8080-exec-2] o.s.web.servlet.DispatcherServlet        : Completed initialization in 2 ms
2024-03-18T14:06:53.057+05:30  WARN 27440 --- [user_profile] [http-nio-8080-exec-5] .w.s.m.s.DefaultHandlerExceptionResolver : Resolved [org.springframework.web.HttpRequestMethodNotSupportedException: Request method 'GET' is not supported]
2024-03-18T14:07:04.155+05:30  INFO 27440 --- [user_profile] [http-nio-8080-exec-6] c.s.secure.controller.AuthController     : user loggged out
2024-03-18T14:11:27.459+05:30  INFO 27440 --- [user_profile] [RMI TCP Connection(16)-127.0.0.1] inMXBeanRegistrar$SpringApplicationAdmin : Application shutdown requested.
2024-03-18T14:11:27.477+05:30  INFO 27440 --- [user_profile] [RMI TCP Connection(16)-127.0.0.1] j.LocalContainerEntityManagerFactoryBean : Closing JPA EntityManagerFactory for persistence unit 'default'
2024-03-18T14:11:27.479+05:30  INFO 27440 --- [user_profile] [RMI TCP Connection(16)-127.0.0.1] com.zaxxer.hikari.HikariDataSource       : HikariPool-2 - Shutdown initiated...
2024-03-18T14:11:27.483+05:30  INFO 27440 --- [user_profile] [RMI TCP Connection(16)-127.0.0.1] com.zaxxer.hikari.HikariDataSource       : HikariPool-2 - Shutdown completed.
2024-03-18T15:04:47.388+05:30  INFO 28284 --- [user_profile] [restartedMain] c.spring.secure.UserProfileApplication   : Starting UserProfileApplication using Java 17.0.10 with PID 28284 (C:\Users\SaurabhKumarUike\OneDrive - Kognivera\Documents\GitHub\kogniver-repo\user_profile\target\classes started by SaurabhKumarUike in C:\Users\SaurabhKumarUike\OneDrive - Kognivera\Documents\GitHub\kogniver-repo\user_profile)
2024-03-18T15:04:47.391+05:30  INFO 28284 --- [user_profile] [restartedMain] c.spring.secure.UserProfileApplication   : No active profile set, falling back to 1 default profile: "default"
2024-03-18T15:04:47.436+05:30  INFO 28284 --- [user_profile] [restartedMain] .e.DevToolsPropertyDefaultsPostProcessor : Devtools property defaults active! Set 'spring.devtools.add-properties' to 'false' to disable
2024-03-18T15:04:47.437+05:30  INFO 28284 --- [user_profile] [restartedMain] .e.DevToolsPropertyDefaultsPostProcessor : For additional web related logging consider setting the 'logging.level.web' property to 'DEBUG'
2024-03-18T15:04:48.060+05:30  INFO 28284 --- [user_profile] [restartedMain] .s.d.r.c.RepositoryConfigurationDelegate : Bootstrapping Spring Data JPA repositories in DEFAULT mode.
2024-03-18T15:04:48.109+05:30  INFO 28284 --- [user_profile] [restartedMain] .s.d.r.c.RepositoryConfigurationDelegate : Finished Spring Data repository scanning in 41 ms. Found 1 JPA repository interface.
2024-03-18T15:04:48.564+05:30  INFO 28284 --- [user_profile] [restartedMain] o.s.b.w.embedded.tomcat.TomcatWebServer  : Tomcat initialized with port 8080 (http)
2024-03-18T15:04:48.574+05:30  INFO 28284 --- [user_profile] [restartedMain] o.apache.catalina.core.StandardService   : Starting service [Tomcat]
2024-03-18T15:04:48.575+05:30  INFO 28284 --- [user_profile] [restartedMain] o.apache.catalina.core.StandardEngine    : Starting Servlet engine: [Apache Tomcat/10.1.19]
2024-03-18T15:04:48.619+05:30  INFO 28284 --- [user_profile] [restartedMain] o.a.c.c.C.[Tomcat].[localhost].[/]       : Initializing Spring embedded WebApplicationContext
2024-03-18T15:04:48.619+05:30  INFO 28284 --- [user_profile] [restartedMain] w.s.c.ServletWebServerApplicationContext : Root WebApplicationContext: initialization completed in 1182 ms
2024-03-18T15:04:48.742+05:30  INFO 28284 --- [user_profile] [restartedMain] o.hibernate.jpa.internal.util.LogHelper  : HHH000204: Processing PersistenceUnitInfo [name: default]
2024-03-18T15:04:48.787+05:30  INFO 28284 --- [user_profile] [restartedMain] org.hibernate.Version                    : HHH000412: Hibernate ORM core version 6.4.4.Final
2024-03-18T15:04:48.814+05:30  INFO 28284 --- [user_profile] [restartedMain] o.h.c.internal.RegionFactoryInitiator    : HHH000026: Second-level cache disabled
2024-03-18T15:04:49.018+05:30  INFO 28284 --- [user_profile] [restartedMain] o.s.o.j.p.SpringPersistenceUnitInfo      : No LoadTimeWeaver setup: ignoring JPA class transformer
2024-03-18T15:04:49.039+05:30  INFO 28284 --- [user_profile] [restartedMain] com.zaxxer.hikari.HikariDataSource       : HikariPool-1 - Starting...
2024-03-18T15:04:49.279+05:30  INFO 28284 --- [user_profile] [restartedMain] com.zaxxer.hikari.pool.HikariPool        : HikariPool-1 - Added connection com.mysql.cj.jdbc.ConnectionImpl@1f77614c
2024-03-18T15:04:49.281+05:30  INFO 28284 --- [user_profile] [restartedMain] com.zaxxer.hikari.HikariDataSource       : HikariPool-1 - Start completed.
2024-03-18T15:04:49.316+05:30  WARN 28284 --- [user_profile] [restartedMain] org.hibernate.orm.deprecation            : HHH90000025: MySQL8Dialect does not need to be specified explicitly using 'hibernate.dialect' (remove the property setting and it will be selected by default)
2024-03-18T15:04:49.317+05:30  WARN 28284 --- [user_profile] [restartedMain] org.hibernate.orm.deprecation            : HHH90000026: MySQL8Dialect has been deprecated; use org.hibernate.dialect.MySQLDialect instead
2024-03-18T15:04:50.008+05:30  INFO 28284 --- [user_profile] [restartedMain] o.h.e.t.j.p.i.JtaPlatformInitiator       : HHH000489: No JTA platform available (set 'hibernate.transaction.jta.platform' to enable JTA platform integration)
2024-03-18T15:04:50.050+05:30  INFO 28284 --- [user_profile] [restartedMain] j.LocalContainerEntityManagerFactoryBean : Initialized JPA EntityManagerFactory for persistence unit 'default'
2024-03-18T15:04:50.430+05:30  WARN 28284 --- [user_profile] [restartedMain] JpaBaseConfiguration$JpaWebConfiguration : spring.jpa.open-in-view is enabled by default. Therefore, database queries may be performed during view rendering. Explicitly configure spring.jpa.open-in-view to disable this warning
2024-03-18T15:04:50.647+05:30  INFO 28284 --- [user_profile] [restartedMain] o.s.s.web.DefaultSecurityFilterChain     : Will secure any request with [org.springframework.security.web.session.DisableEncodeUrlFilter@69b1b124, org.springframework.security.web.context.request.async.WebAsyncManagerIntegrationFilter@2c75898, org.springframework.security.web.context.SecurityContextHolderFilter@5a766a51, org.springframework.security.web.header.HeaderWriterFilter@5026724e, org.springframework.web.filter.CorsFilter@693d2a61, org.springframework.security.web.authentication.logout.LogoutFilter@34483947, org.springframework.security.web.authentication.www.BasicAuthenticationFilter@7c92e1f3, org.springframework.security.web.savedrequest.RequestCacheAwareFilter@531f7dc5, org.springframework.security.web.servletapi.SecurityContextHolderAwareRequestFilter@7e1708b1, org.springframework.security.web.authentication.AnonymousAuthenticationFilter@24263c68, org.springframework.security.web.access.ExceptionTranslationFilter@17b70ebb, org.springframework.security.web.access.intercept.AuthorizationFilter@6bab7a9f]
2024-03-18T15:04:50.812+05:30  INFO 28284 --- [user_profile] [restartedMain] o.s.b.d.a.OptionalLiveReloadServer       : LiveReload server is running on port 35729
2024-03-18T15:04:50.840+05:30  INFO 28284 --- [user_profile] [restartedMain] o.s.b.w.embedded.tomcat.TomcatWebServer  : Tomcat started on port 8080 (http) with context path ''
2024-03-18T15:04:50.850+05:30  INFO 28284 --- [user_profile] [restartedMain] c.spring.secure.UserProfileApplication   : Started UserProfileApplication in 3.783 seconds (process running for 4.423)
2024-03-18T15:06:27.517+05:30  INFO 28284 --- [user_profile] [http-nio-8080-exec-2] o.a.c.c.C.[Tomcat].[localhost].[/]       : Initializing Spring DispatcherServlet 'dispatcherServlet'
2024-03-18T15:06:27.518+05:30  INFO 28284 --- [user_profile] [http-nio-8080-exec-2] o.s.web.servlet.DispatcherServlet        : Initializing Servlet 'dispatcherServlet'
2024-03-18T15:06:27.520+05:30  INFO 28284 --- [user_profile] [http-nio-8080-exec-2] o.s.web.servlet.DispatcherServlet        : Completed initialization in 2 ms
2024-03-18T15:07:21.366+05:30  INFO 28284 --- [user_profile] [RMI TCP Connection(6)-127.0.0.1] inMXBeanRegistrar$SpringApplicationAdmin : Application shutdown requested.
2024-03-18T15:07:21.386+05:30  INFO 28284 --- [user_profile] [RMI TCP Connection(6)-127.0.0.1] j.LocalContainerEntityManagerFactoryBean : Closing JPA EntityManagerFactory for persistence unit 'default'
2024-03-18T15:07:21.390+05:30  INFO 28284 --- [user_profile] [RMI TCP Connection(6)-127.0.0.1] com.zaxxer.hikari.HikariDataSource       : HikariPool-1 - Shutdown initiated...
2024-03-18T15:07:21.395+05:30  INFO 28284 --- [user_profile] [RMI TCP Connection(6)-127.0.0.1] com.zaxxer.hikari.HikariDataSource       : HikariPool-1 - Shutdown completed.
