2024-03-14T10:45:38.445+05:30  INFO 7964 --- [sercurityspring] [restartedMain] c.s.secure.SercurityspringApplication    : Starting SercurityspringApplication using Java 17.0.10 with PID 7964 (C:\Users\SaurabhKumarUike\OneDrive - Kognivera\Documents\GitHub\kogniver-repo\sercurityspring\target\classes started by SaurabhKumarUike in C:\Users\SaurabhKumarUike\OneDrive - Kognivera\Documents\GitHub\kogniver-repo\sercurityspring)
2024-03-14T10:45:38.449+05:30  INFO 7964 --- [sercurityspring] [restartedMain] c.s.secure.SercurityspringApplication    : The following 1 profile is active: "dev"
2024-03-14T10:45:38.765+05:30  INFO 7964 --- [sercurityspring] [restartedMain] o.s.b.w.embedded.tomcat.TomcatWebServer  : Tomcat initialized with port 8080 (http)
2024-03-14T10:45:38.766+05:30  INFO 7964 --- [sercurityspring] [restartedMain] o.apache.catalina.core.StandardService   : Starting service [Tomcat]
2024-03-14T10:45:38.766+05:30  INFO 7964 --- [sercurityspring] [restartedMain] o.apache.catalina.core.StandardEngine    : Starting Servlet engine: [Apache Tomcat/10.1.19]
2024-03-14T10:45:38.779+05:30  INFO 7964 --- [sercurityspring] [restartedMain] o.a.c.c.C.[Tomcat].[localhost].[/]       : Initializing Spring embedded WebApplicationContext
2024-03-14T10:45:38.779+05:30  INFO 7964 --- [sercurityspring] [restartedMain] w.s.c.ServletWebServerApplicationContext : Root WebApplicationContext: initialization completed in 326 ms
2024-03-14T10:45:39.077+05:30  INFO 7964 --- [sercurityspring] [restartedMain] o.s.b.a.e.web.EndpointLinksResolver      : Exposing 7 endpoint(s) beneath base path '/actuator'
2024-03-14T10:45:39.234+05:30  INFO 7964 --- [sercurityspring] [restartedMain] o.s.b.d.a.OptionalLiveReloadServer       : LiveReload server is running on port 35729
2024-03-14T10:45:39.250+05:30  INFO 7964 --- [sercurityspring] [restartedMain] o.s.b.w.embedded.tomcat.TomcatWebServer  : Tomcat started on port 8080 (http) with context path ''
2024-03-14T10:45:39.259+05:30  INFO 7964 --- [sercurityspring] [restartedMain] c.s.secure.SercurityspringApplication    : Started SercurityspringApplication in 0.859 seconds (process running for 17.722)
2024-03-14T10:45:39.263+05:30  INFO 7964 --- [sercurityspring] [restartedMain] .ConditionEvaluationDeltaLoggingListener : Condition evaluation delta:


==========================
CONDITION EVALUATION DELTA
==========================


Positive matches:
-----------------

   ConfigurationPropertiesReportEndpointAutoConfiguration#configurationPropertiesReportEndpointWebExtension matched:
      - @ConditionalOnBean (types: org.springframework.boot.actuate.context.properties.ConfigurationPropertiesReportEndpoint; SearchStrategy: all) found bean 'configurationPropertiesReportEndpoint'; @ConditionalOnMissingBean (types: org.springframework.boot.actuate.context.properties.ConfigurationPropertiesReportEndpointWebExtension; SearchStrategy: all) did not find any beans (OnBeanCondition)
      - @ConditionalOnAvailableEndpoint marked as exposed by a 'management.endpoints.web.exposure' property (OnAvailableEndpointCondition)

   EnvironmentEndpointAutoConfiguration#environmentEndpointWebExtension matched:
      - @ConditionalOnBean (types: org.springframework.boot.actuate.env.EnvironmentEndpoint; SearchStrategy: all) found bean 'environmentEndpoint'; @ConditionalOnMissingBean (types: org.springframework.boot.actuate.env.EnvironmentEndpointWebExtension; SearchStrategy: all) did not find any beans (OnBeanCondition)
      - @ConditionalOnAvailableEndpoint marked as exposed by a 'management.endpoints.web.exposure' property (OnAvailableEndpointCondition)

   LogFileWebEndpointAutoConfiguration#logFileWebEndpoint matched:
      - Log File found logging.file.name logs/myapp.log (LogFileWebEndpointAutoConfiguration.LogFileCondition)
      - @ConditionalOnMissingBean (types: org.springframework.boot.actuate.logging.LogFileWebEndpoint; SearchStrategy: all) did not find any beans (OnBeanCondition)


Negative matches:
-----------------

    None


Exclusions:
-----------

    None


Unconditional classes:
----------------------

    None



2024-03-14T10:46:06.880+05:30  INFO 7964 --- [sercurityspring] [RMI TCP Connection(5)-127.0.0.1] inMXBeanRegistrar$SpringApplicationAdmin : Application shutdown requested.
2024-03-14T10:46:16.405+05:30  INFO 11400 --- [sercurityspring] [restartedMain] c.s.secure.SercurityspringApplication    : Starting SercurityspringApplication using Java 17.0.10 with PID 11400 (C:\Users\SaurabhKumarUike\OneDrive - Kognivera\Documents\GitHub\kogniver-repo\sercurityspring\target\classes started by SaurabhKumarUike in C:\Users\SaurabhKumarUike\OneDrive - Kognivera\Documents\GitHub\kogniver-repo\sercurityspring)
2024-03-14T10:46:16.408+05:30  INFO 11400 --- [sercurityspring] [restartedMain] c.s.secure.SercurityspringApplication    : The following 1 profile is active: "dev"
2024-03-14T10:46:16.467+05:30  INFO 11400 --- [sercurityspring] [restartedMain] .e.DevToolsPropertyDefaultsPostProcessor : Devtools property defaults active! Set 'spring.devtools.add-properties' to 'false' to disable
2024-03-14T10:46:16.467+05:30  INFO 11400 --- [sercurityspring] [restartedMain] .e.DevToolsPropertyDefaultsPostProcessor : For additional web related logging consider setting the 'logging.level.web' property to 'DEBUG'
2024-03-14T10:46:18.058+05:30  INFO 11400 --- [sercurityspring] [restartedMain] o.s.b.w.embedded.tomcat.TomcatWebServer  : Tomcat initialized with port 8080 (http)
2024-03-14T10:46:18.071+05:30  INFO 11400 --- [sercurityspring] [restartedMain] o.apache.catalina.core.StandardService   : Starting service [Tomcat]
2024-03-14T10:46:18.072+05:30  INFO 11400 --- [sercurityspring] [restartedMain] o.apache.catalina.core.StandardEngine    : Starting Servlet engine: [Apache Tomcat/10.1.19]
2024-03-14T10:46:18.134+05:30  INFO 11400 --- [sercurityspring] [restartedMain] o.a.c.c.C.[Tomcat].[localhost].[/]       : Initializing Spring embedded WebApplicationContext
2024-03-14T10:46:18.134+05:30  INFO 11400 --- [sercurityspring] [restartedMain] w.s.c.ServletWebServerApplicationContext : Root WebApplicationContext: initialization completed in 1666 ms
2024-03-14T10:46:18.955+05:30  INFO 11400 --- [sercurityspring] [restartedMain] o.s.b.a.e.web.EndpointLinksResolver      : Exposing 7 endpoint(s) beneath base path '/actuator'
2024-03-14T10:46:19.326+05:30  INFO 11400 --- [sercurityspring] [restartedMain] o.s.b.d.a.OptionalLiveReloadServer       : LiveReload server is running on port 35729
2024-03-14T10:46:19.383+05:30  INFO 11400 --- [sercurityspring] [restartedMain] o.s.b.w.embedded.tomcat.TomcatWebServer  : Tomcat started on port 8080 (http) with context path ''
2024-03-14T10:46:19.401+05:30  INFO 11400 --- [sercurityspring] [restartedMain] c.s.secure.SercurityspringApplication    : Started SercurityspringApplication in 3.525 seconds (process running for 4.808)
2024-03-14T10:46:19.925+05:30  INFO 11400 --- [sercurityspring] [RMI TCP Connection(3)-127.0.0.1] o.a.c.c.C.[Tomcat].[localhost].[/]       : Initializing Spring DispatcherServlet 'dispatcherServlet'
2024-03-14T10:46:19.925+05:30  INFO 11400 --- [sercurityspring] [RMI TCP Connection(3)-127.0.0.1] o.s.web.servlet.DispatcherServlet        : Initializing Servlet 'dispatcherServlet'
2024-03-14T10:46:19.926+05:30  INFO 11400 --- [sercurityspring] [RMI TCP Connection(3)-127.0.0.1] o.s.web.servlet.DispatcherServlet        : Completed initialization in 1 ms
2024-03-14T10:47:10.538+05:30  INFO 11400 --- [sercurityspring] [RMI TCP Connection(5)-127.0.0.1] inMXBeanRegistrar$SpringApplicationAdmin : Application shutdown requested.
